Build started 3/16/2015 11:00:59 PM.
     1>Project "C:\MadnessEngine\MadnessEngine\Source\MadnessEngine.vcxproj" on node 2 (Build target(s)).
     1>ClCompile:
         C:\Program Files (x86)\Microsoft Visual Studio 12.0\VC\bin\x86_amd64\CL.exe /c /Zi /nologo /W3 /WX- /sdl /Od /D WIN32 /D _DEBUG /D _WINDOWS /D _USING_V110_SDK71_ /D _UNICODE /D UNICODE /Gm /EHsc /RTC1 /MDd /GS /fp:precise /Zc:wchar_t /Zc:forScope /Fo"C:\MadnessEngine\MadnessEngine\Source\..\Intermediate\x64\Debug\\" /Fd"C:\MadnessEngine\MadnessEngine\Source\..\Intermediate\x64\Debug\vc120.pdb" /Gd /TP /errorReport:prompt Runtime\Private\Core\Window.cpp Runtime\Private\Graphics\D3DHandle.cpp Runtime\Private\Graphics\RenderContext.cpp
         Window.cpp
         Generating Code...
         Compiling...
         RenderContext.cpp
         D3DHandle.cpp
         Generating Code...
       Link:
         C:\Program Files (x86)\Microsoft Visual Studio 12.0\VC\bin\x86_amd64\link.exe /ERRORREPORT:PROMPT /OUT:"C:\MadnessEngine\MadnessEngine\Source\..\Binaries\x64\Debug\MadnessEngine.exe" /INCREMENTAL /NOLOGO kernel32.lib user32.lib gdi32.lib winspool.lib comdlg32.lib advapi32.lib shell32.lib ole32.lib oleaut32.lib uuid.lib odbc32.lib odbccp32.lib /MANIFEST /MANIFESTUAC:"level='asInvoker' uiAccess='false'" /manifest:embed /DEBUG /PDB:"C:\MadnessEngine\MadnessEngine\Source\..\Binaries\x64\Debug\MadnessEngine.pdb" /SUBSYSTEM:WINDOWS,"5.02" /TLBID:1 /DYNAMICBASE /NXCOMPAT /IMPLIB:"C:\MadnessEngine\MadnessEngine\Source\..\Binaries\x64\Debug\MadnessEngine.lib" /MACHINE:X64 C:\MadnessEngine\MadnessEngine\Source\..\Intermediate\x64\Debug\GameInstance.obj
         C:\MadnessEngine\MadnessEngine\Source\..\Intermediate\x64\Debug\ProgramInstance.obj
         C:\MadnessEngine\MadnessEngine\Source\..\Intermediate\x64\Debug\Window.obj
         C:\MadnessEngine\MadnessEngine\Source\..\Intermediate\x64\Debug\Entry.obj
         C:\MadnessEngine\MadnessEngine\Source\..\Intermediate\x64\Debug\D3DHandle.obj
         C:\MadnessEngine\MadnessEngine\Source\..\Intermediate\x64\Debug\RenderContext.obj
         C:\MadnessEngine\MadnessEngine\Source\..\Intermediate\x64\Debug\InputHandle.obj
         C:\MadnessEngine\MadnessEngine\Source\..\Intermediate\x64\Debug\Array.obj
         MadnessEngine.vcxproj -> C:\MadnessEngine\MadnessEngine\Source\..\Binaries\x64\Debug\MadnessEngine.exe
     1>Done Building Project "C:\MadnessEngine\MadnessEngine\Source\MadnessEngine.vcxproj" (Build target(s)).

Build succeeded.

Time Elapsed 00:00:00.96
